#
# There is insufficient memory for the Java Runtime Environment to continue.
# Native memory allocation (malloc) failed to allocate 1092272 bytes for Chunk::new
# Possible reasons:
#   The system is out of physical RAM or swap space
#   The process is running with CompressedOops enabled, and the Java Heap may be blocking the growth of the native heap
# Possible solutions:
#   Reduce memory load on the system
#   Increase physical memory or swap space
#   Check if swap backing store is full
#   Decrease Java heap size (-Xmx/-Xms)
#   Decrease number of Java threads
#   Decrease Java thread stack sizes (-Xss)
#   Set larger code cache with -XX:ReservedCodeCacheSize=
#   JVM is running with Zero Based Compressed Oops mode in which the Java heap is
#     placed in the first 32GB address space. The Java Heap base address is the
#     maximum limit for the native heap growth. Please use -XX:HeapBaseMinAddress
#     to set the Java Heap base and to place the Java Heap above 32GB virtual address.
# This output file may be truncated or incomplete.
#
#  Out of Memory Error (arena.cpp:168), pid=23972, tid=4280
#
# JRE version: Java(TM) SE Runtime Environment (21.0.1+12) (build 21.0.1+12-LTS-29)
# Java VM: Java HotSpot(TM) 64-Bit Server VM (21.0.1+12-LTS-29, mixed mode, sharing, tiered, compressed oops, compressed class ptrs, g1 gc, windows-amd64)
# No core dump will be written. Minidumps are not enabled by default on client versions of Windows
#

---------------  S U M M A R Y ------------

Command Line: -javaagent:C:\Program Files\JetBrains\IntelliJ IDEA Community Edition 2025.2.5\lib\idea_rt.jar=49237 -Dfile.encoding=UTF-8 -Dsun.stdout.encoding=UTF-8 -Dsun.stderr.encoding=UTF-8 com.company.company_portal.CompanyPortalApplication

Host: 11th Gen Intel(R) Core(TM) i5-1135G7 @ 2.40GHz, 8 cores, 15G,  Windows 11 , 64 bit Build 26100 (10.0.26100.7309)
Time: Wed Jan 14 23:18:27 2026 India Standard Time elapsed time: 3.075753 seconds (0d 0h 0m 3s)

---------------  T H R E A D  ---------------

Current thread (0x000001ccfed0f8c0):  JavaThread "C2 CompilerThread0" daemon [_thread_in_native, id=4280, stack(0x0000005b1fb00000,0x0000005b1fc00000) (1024K)]


Current CompileTask:
C2:   3075 1524       4       org.springframework.boot.context.config.ConfigDataEnvironmentContributor$ContributorIterator::fetchIfNecessary (153 bytes)

Stack: [0x0000005b1fb00000,0x0000005b1fc00000]
Native frames: (J=compiled Java code, j=interpreted, Vv=VM code, C=native code)
V  [jvm.dll+0x6c9029]
V  [jvm.dll+0x854b81]
V  [jvm.dll+0x856e5e]
V  [jvm.dll+0x857543]
V  [jvm.dll+0x280c06]
V  [jvm.dll+0xc3ead]
V  [jvm.dll+0xc43c3]
V  [jvm.dll+0x3b576c]
V  [jvm.dll+0x382475]
V  [jvm.dll+0x3818ea]
V  [jvm.dll+0x249ad0]
V  [jvm.dll+0x2490b1]
V  [jvm.dll+0x1c9ca1]
V  [jvm.dll+0x2586b9]
V  [jvm.dll+0x256c9a]
V  [jvm.dll+0x3ef1b6]
V  [jvm.dll+0x7fd728]
V  [jvm.dll+0x6c777d]
C  [ucrtbase.dll+0x37b0]
C  [KERNEL32.DLL+0x2e8d7]
C  [ntdll.dll+0x8c53c]


---------------  P R O C E S S  ---------------

Threads class SMR info:
_java_thread_list=0x000001ccff3bdb40, length=13, elements={
0x000001ccf0c719c0, 0x000001ccfed017d0, 0x000001ccfed05250, 0x000001ccfed08ad0,
0x000001ccfed09620, 0x000001ccfed0b2a0, 0x000001ccfed0ce00, 0x000001ccfed0f8c0,
0x000001ccfed13e60, 0x000001ccfecc41a0, 0x000001ccff085130, 0x000001ccff0c5540,
0x000001ccff0c5bb0
}

Java Threads: ( => current thread )
  0x000001ccf0c719c0 JavaThread "main"                              [_thread_in_native, id=9080, stack(0x0000005b1ed00000,0x0000005b1ee00000) (1024K)]
  0x000001ccfed017d0 JavaThread "Reference Handler"          daemon [_thread_blocked, id=22004, stack(0x0000005b1f500000,0x0000005b1f600000) (1024K)]
  0x000001ccfed05250 JavaThread "Finalizer"                  daemon [_thread_blocked, id=22112, stack(0x0000005b1f600000,0x0000005b1f700000) (1024K)]
  0x000001ccfed08ad0 JavaThread "Signal Dispatcher"          daemon [_thread_blocked, id=11936, stack(0x0000005b1f700000,0x0000005b1f800000) (1024K)]
  0x000001ccfed09620 JavaThread "Attach Listener"            daemon [_thread_blocked, id=13180, stack(0x0000005b1f800000,0x0000005b1f900000) (1024K)]
  0x000001ccfed0b2a0 JavaThread "Service Thread"             daemon [_thread_blocked, id=8356, stack(0x0000005b1f900000,0x0000005b1fa00000) (1024K)]
  0x000001ccfed0ce00 JavaThread "Monitor Deflation Thread"   daemon [_thread_blocked, id=1588, stack(0x0000005b1fa00000,0x0000005b1fb00000) (1024K)]
=>0x000001ccfed0f8c0 JavaThread "C2 CompilerThread0"         daemon [_thread_in_native, id=4280, stack(0x0000005b1fb00000,0x0000005b1fc00000) (1024K)]
  0x000001ccfed13e60 JavaThread "C1 CompilerThread0"         daemon [_thread_in_native, id=18668, stack(0x0000005b1fc00000,0x0000005b1fd00000) (1024K)]
  0x000001ccfecc41a0 JavaThread "Common-Cleaner"             daemon [_thread_blocked, id=21696, stack(0x0000005b1fd00000,0x0000005b1fe00000) (1024K)]
  0x000001ccff085130 JavaThread "C2 CompilerThread1"         daemon [_thread_blocked, id=8524, stack(0x0000005b1fe00000,0x0000005b1ff00000) (1024K)]
  0x000001ccff0c5540 JavaThread "Monitor Ctrl-Break"         daemon [_thread_in_native, id=25504, stack(0x0000005b1ff00000,0x0000005b20000000) (1024K)]
  0x000001ccff0c5bb0 JavaThread "Notification Thread"        daemon [_thread_blocked, id=26380, stack(0x0000005b20000000,0x0000005b20100000) (1024K)]
Total: 13

Other Threads:
  0x000001ccfecdf000 VMThread "VM Thread"                           [id=7144, stack(0x0000005b1f400000,0x0000005b1f500000) (1024K)]
  0x000001ccfecc2ba0 WatcherThread "VM Periodic Task Thread"        [id=6740, stack(0x0000005b1f300000,0x0000005b1f400000) (1024K)]
  0x000001ccf0cd8de0 WorkerThread "GC Thread#0"                     [id=25380, stack(0x0000005b1ee00000,0x0000005b1ef00000) (1024K)]
  0x000001ccd60102c0 WorkerThread "GC Thread#1"                     [id=5480, stack(0x0000005b20100000,0x0000005b20200000) (1024K)]
  0x000001ccffa49b00 WorkerThread "GC Thread#2"                     [id=11976, stack(0x0000005b20200000,0x0000005b20300000) (1024K)]
  0x000001ccffa49ea0 WorkerThread "GC Thread#3"                     [id=18592, stack(0x0000005b20300000,0x0000005b20400000) (1024K)]
  0x000001ccffa4a240 WorkerThread "GC Thread#4"                     [id=496, stack(0x0000005b20400000,0x0000005b20500000) (1024K)]
  0x000001ccffa4a5e0 WorkerThread "GC Thread#5"                     [id=16112, stack(0x0000005b20500000,0x0000005b20600000) (1024K)]
  0x000001ccf0ceb020 ConcurrentGCThread "G1 Main Marker"            [id=24272, stack(0x0000005b1ef00000,0x0000005b1f000000) (1024K)]
  0x000001ccf0cebb20 WorkerThread "G1 Conc#0"                       [id=13940, stack(0x0000005b1f000000,0x0000005b1f100000) (1024K)]
  0x000001ccfeb92580 ConcurrentGCThread "G1 Refine#0"               [id=15212, stack(0x0000005b1f100000,0x0000005b1f200000) (1024K)]
  0x000001ccfeb92f90 ConcurrentGCThread "G1 Service"                [id=15580, stack(0x0000005b1f200000,0x0000005b1f300000) (1024K)]
Total: 12

Threads with active compile tasks:
C2 CompilerThread0     3126 1524       4       org.springframework.boot.context.config.ConfigDataEnvironmentContributor$ContributorIterator::fetchIfNecessary (153 bytes)
C1 CompilerThread0     3126 1638       3       java.lang.invoke.MethodHandles$Lookup::getDirectMethodForConstant (72 bytes)
Total: 2

VM state: not at safepoint (normal execution)

VM Mutex/Monitor currently owned by a thread: None

Heap address: 0x0000000704200000, size: 4030 MB, Compressed Oops mode: Zero based, Oop shift amount: 3

CDS archive(s) mapped at: [0x000001cc91000000-0x000001cc91c90000-0x000001cc91c90000), size 13172736, SharedBaseAddress: 0x000001cc91000000, ArchiveRelocationMode: 1.
Compressed class space mapped at: 0x000001cc92000000-0x000001ccd2000000, reserved size: 1073741824
Narrow klass base: 0x000001cc91000000, Narrow klass shift: 0, Narrow klass range: 0x100000000

GC Precious Log:
 CardTable entry size: 512
 Card Set container configuration: InlinePtr #cards 4 size 8 Array Of Cards #cards 16 size 48 Howl #buckets 8 coarsen threshold 3686 Howl Bitmap #cards 512 size 80 coarsen threshold 460 Card regions per heap region 1 cards per card region 4096
 CPUs: 8 total, 8 available
 Memory: 16118M
 Large Page Support: Disabled
 NUMA Support: Disabled
 Compressed Oops: Enabled (Zero based)
 Heap Region Size: 2M
 Heap Min Capacity: 8M
 Heap Initial Capacity: 252M
 Heap Max Capacity: 4030M
 Pre-touch: Disabled
 Parallel Workers: 8
 Concurrent Workers: 2
 Concurrent Refinement Workers: 8
 Periodic GC: Disabled

Heap:
 garbage-first heap   total 258048K, used 18179K [0x0000000704200000, 0x0000000800000000)
  region size 2048K, 8 young (16384K), 2 survivors (4096K)
 Metaspace       used 8165K, committed 8448K, reserved 1114112K
  class space    used 1015K, committed 1152K, reserved 1048576K

Heap Regions: E=young(eden), S=young(survivor), O=old, HS=humongous(starts), HC=humongous(continues), CS=collection set, F=free, TAMS=top-at-mark-start, PB=parsable bottom
|   0|0x0000000704200000, 0x0000000704400000, 0x0000000704400000|100%| O|  |TAMS 0x0000000704200000| PB 0x0000000704200000| Untracked 
|   1|0x0000000704400000, 0x00000007045c0f88, 0x0000000704600000| 87%| O|  |TAMS 0x0000000704400000| PB 0x0000000704400000| Untracked 
|   2|0x0000000704600000, 0x0000000704600000, 0x0000000704800000|  0%| F|  |TAMS 0x0000000704600000| PB 0x0000000704600000| Untracked 
|   3|0x0000000704800000, 0x0000000704800000, 0x0000000704a00000|  0%| F|  |TAMS 0x0000000704800000| PB 0x0000000704800000| Untracked 
|   4|0x0000000704a00000, 0x0000000704a00000, 0x0000000704c00000|  0%| F|  |TAMS 0x0000000704a00000| PB 0x0000000704a00000| Untracked 
|   5|0x0000000704c00000, 0x0000000704c00000, 0x0000000704e00000|  0%| F|  |TAMS 0x0000000704c00000| PB 0x0000000704c00000| Untracked 
|   6|0x0000000704e00000, 0x0000000704e00000, 0x0000000705000000|  0%| F|  |TAMS 0x0000000704e00000| PB 0x0000000704e00000| Untracked 
|   7|0x0000000705000000, 0x0000000705000000, 0x0000000705200000|  0%| F|  |TAMS 0x0000000705000000| PB 0x0000000705000000| Untracked 
|   8|0x0000000705200000, 0x0000000705200000, 0x0000000705400000|  0%| F|  |TAMS 0x0000000705200000| PB 0x0000000705200000| Untracked 
|   9|0x0000000705400000, 0x0000000705400000, 0x0000000705600000|  0%| F|  |TAMS 0x0000000705400000| PB 0x0000000705400000| Untracked 
|  10|0x0000000705600000, 0x0000000705600000, 0x0000000705800000|  0%| F|  |TAMS 0x0000000705600000| PB 0x0000000705600000| Untracked 
|  11|0x0000000705800000, 0x0000000705800000, 0x0000000705a00000|  0%| F|  |TAMS 0x0000000705800000| PB 0x0000000705800000| Untracked 
|  12|0x0000000705a00000, 0x0000000705a00000, 0x0000000705c00000|  0%| F|  |TAMS 0x0000000705a00000| PB 0x0000000705a00000| Untracked 
|  13|0x0000000705c00000, 0x0000000705c00000, 0x0000000705e00000|  0%| F|  |TAMS 0x0000000705c00000| PB 0x0000000705c00000| Untracked 
|  14|0x0000000705e00000, 0x0000000705e00000, 0x0000000706000000|  0%| F|  |TAMS 0x0000000705e00000| PB 0x0000000705e00000| Untracked 
|  15|0x0000000706000000, 0x0000000706000000, 0x0000000706200000|  0%| F|  |TAMS 0x0000000706000000| PB 0x0000000706000000| Untracked 
|  16|0x0000000706200000, 0x0000000706200000, 0x0000000706400000|  0%| F|  |TAMS 0x0000000706200000| PB 0x0000000706200000| Untracked 
|  17|0x0000000706400000, 0x0000000706400000, 0x0000000706600000|  0%| F|  |TAMS 0x0000000706400000| PB 0x0000000706400000| Untracked 
|  18|0x0000000706600000, 0x0000000706600000, 0x0000000706800000|  0%| F|  |TAMS 0x0000000706600000| PB 0x0000000706600000| Untracked 
|  19|0x0000000706800000, 0x0000000706800000, 0x0000000706a00000|  0%| F|  |TAMS 0x0000000706800000| PB 0x0000000706800000| Untracked 
|  20|0x0000000706a00000, 0x0000000706a00000, 0x0000000706c00000|  0%| F|  |TAMS 0x0000000706a00000| PB 0x0000000706a00000| Untracked 
|  21|0x0000000706c00000, 0x0000000706c00000, 0x0000000706e00000|  0%| F|  |TAMS 0x0000000706c00000| PB 0x0000000706c00000| Untracked 
|  22|0x0000000706e00000, 0x0000000706e00000, 0x0000000707000000|  0%| F|  |TAMS 0x0000000706e00000| PB 0x0000000706e00000| Untracked 
|  23|0x0000000707000000, 0x0000000707000000, 0x0000000707200000|  0%| F|  |TAMS 0x0000000707000000| PB 0x0000000707000000| Untracked 
|  24|0x0000000707200000, 0x0000000707200000, 0x0000000707400000|  0%| F|  |TAMS 0x0000000707200000| PB 0x0000000707200000| Untracked 
|  25|0x0000000707400000, 0x0000000707400000, 0x0000000707600000|  0%| F|  |TAMS 0x0000000707400000| PB 0x0000000707400000| Untracked 
|  26|0x0000000707600000, 0x0000000707600000, 0x0000000707800000|  0%| F|  |TAMS 0x0000000707600000| PB 0x0000000707600000| Untracked 
|  27|0x0000000707800000, 0x0000000707800000, 0x0000000707a00000|  0%| F|  |TAMS 0x0000000707800000| PB 0x0000000707800000| Untracked 
|  28|0x0000000707a00000, 0x0000000707a00000, 0x0000000707c00000|  0%| F|  |TAMS 0x0000000707a00000| PB 0x0000000707a00000| Untracked 
|  29|0x0000000707c00000, 0x0000000707c00000, 0x0000000707e00000|  0%| F|  |TAMS 0x0000000707c00000| PB 0x0000000707c00000| Untracked 
|  30|0x0000000707e00000, 0x0000000707e00000, 0x0000000708000000|  0%| F|  |TAMS 0x0000000707e00000| PB 0x0000000707e00000| Untracked 
|  31|0x0000000708000000, 0x0000000708000000, 0x0000000708200000|  0%| F|  |TAMS 0x0000000708000000| PB 0x0000000708000000| Untracked 
|  32|0x0000000708200000, 0x0000000708200000, 0x0000000708400000|  0%| F|  |TAMS 0x0000000708200000| PB 0x0000000708200000| Untracked 
|  33|0x0000000708400000, 0x0000000708400000, 0x0000000708600000|  0%| F|  |TAMS 0x0000000708400000| PB 0x0000000708400000| Untracked 
|  34|0x0000000708600000, 0x0000000708600000, 0x0000000708800000|  0%| F|  |TAMS 0x0000000708600000| PB 0x0000000708600000| Untracked 
|  35|0x0000000708800000, 0x0000000708800000, 0x0000000708a00000|  0%| F|  |TAMS 0x0000000708800000| PB 0x0000000708800000| Untracked 
|  36|0x0000000708a00000, 0x0000000708a00000, 0x0000000708c00000|  0%| F|  |TAMS 0x0000000708a00000| PB 0x0000000708a00000| Untracked 
|  37|0x0000000708c00000, 0x0000000708c00000, 0x0000000708e00000|  0%| F|  |TAMS 0x0000000708c00000| PB 0x0000000708c00000| Untracked 
|  38|0x0000000708e00000, 0x0000000708e00000, 0x0000000709000000|  0%| F|  |TAMS 0x0000000708e00000| PB 0x0000000708e00000| Untracked 
|  39|0x0000000709000000, 0x0000000709000000, 0x0000000709200000|  0%| F|  |TAMS 0x0000000709000000| PB 0x0000000709000000| Untracked 
|  40|0x0000000709200000, 0x0000000709200000, 0x0000000709400000|  0%| F|  |TAMS 0x0000000709200000| PB 0x0000000709200000| Untracked 
|  41|0x0000000709400000, 0x0000000709400000, 0x0000000709600000|  0%| F|  |TAMS 0x0000000709400000| PB 0x0000000709400000| Untracked 
|  42|0x0000000709600000, 0x0000000709600000, 0x0000000709800000|  0%| F|  |TAMS 0x0000000709600000| PB 0x0000000709600000| Untracked 
|  43|0x0000000709800000, 0x0000000709800000, 0x0000000709a00000|  0%| F|  |TAMS 0x0000000709800000| PB 0x0000000709800000| Untracked 
|  44|0x0000000709a00000, 0x0000000709a00000, 0x0000000709c00000|  0%| F|  |TAMS 0x0000000709a00000| PB 0x0000000709a00000| Untracked 
|  45|0x0000000709c00000, 0x0000000709c00000, 0x0000000709e00000|  0%| F|  |TAMS 0x0000000709c00000| PB 0x0000000709c00000| Untracked 
|  46|0x0000000709e00000, 0x0000000709e00000, 0x000000070a000000|  0%| F|  |TAMS 0x0000000709e00000| PB 0x0000000709e00000| Untracked 
|  47|0x000000070a000000, 0x000000070a000000, 0x000000070a200000|  0%| F|  |TAMS 0x000000070a000000| PB 0x000000070a000000| Untracked 
|  48|0x000000070a200000, 0x000000070a200000, 0x000000070a400000|  0%| F|  |TAMS 0x000000070a200000| PB 0x000000070a200000| Untracked 
|  49|0x000000070a400000, 0x000000070a400000, 0x000000070a600000|  0%| F|  |TAMS 0x000000070a400000| PB 0x000000070a400000| Untracked 
|  50|0x000000070a600000, 0x000000070a600000, 0x000000070a800000|  0%| F|  |TAMS 0x000000070a600000| PB 0x000000070a600000| Untracked 
|  51|0x000000070a800000, 0x000000070a800000, 0x000000070aa00000|  0%| F|  |TAMS 0x000000070a800000| PB 0x000000070a800000| Untracked 
|  52|0x000000070aa00000, 0x000000070aa00000, 0x000000070ac00000|  0%| F|  |TAMS 0x000000070aa00000| PB 0x000000070aa00000| Untracked 
|  53|0x000000070ac00000, 0x000000070ac00000, 0x000000070ae00000|  0%| F|  |TAMS 0x000000070ac00000| PB 0x000000070ac00000| Untracked 
|  54|0x000000070ae00000, 0x000000070ae00000, 0x000000070b000000|  0%| F|  |TAMS 0x000000070ae00000| PB 0x000000070ae00000| Untracked 
|  55|0x000000070b000000, 0x000000070b000000, 0x000000070b200000|  0%| F|  |TAMS 0x000000070b000000| PB 0x000000070b000000| Untracked 
|  56|0x000000070b200000, 0x000000070b200000, 0x000000070b400000|  0%| F|  |TAMS 0x000000070b200000| PB 0x000000070b200000| Untracked 
|  57|0x000000070b400000, 0x000000070b400000, 0x000000070b600000|  0%| F|  |TAMS 0x000000070b400000| PB 0x000000070b400000| Untracked 
|  58|0x000000070b600000, 0x000000070b600000, 0x000000070b800000|  0%| F|  |TAMS 0x000000070b600000| PB 0x000000070b600000| Untracked 
|  59|0x000000070b800000, 0x000000070b800000, 0x000000070ba00000|  0%| F|  |TAMS 0x000000070b800000| PB 0x000000070b800000| Untracked 
|  60|0x000000070ba00000, 0x000000070ba00000, 0x000000070bc00000|  0%| F|  |TAMS 0x000000070ba00000| PB 0x000000070ba00000| Untracked 
|  61|0x000000070bc00000, 0x000000070bc00000, 0x000000070be00000|  0%| F|  |TAMS 0x000000070bc00000| PB 0x000000070bc00000| Untracked 
|  62|0x000000070be00000, 0x000000070be00000, 0x000000070c000000|  0%| F|  |TAMS 0x000000070be00000| PB 0x000000070be00000| Untracked 
|  63|0x000000070c000000, 0x000000070c000000, 0x000000070c200000|  0%| F|  |TAMS 0x000000070c000000| PB 0x000000070c000000| Untracked 
|  64|0x000000070c200000, 0x000000070c200000, 0x000000070c400000|  0%| F|  |TAMS 0x000000070c200000| PB 0x000000070c200000| Untracked 
|  65|0x000000070c400000, 0x000000070c400000, 0x000000070c600000|  0%| F|  |TAMS 0x000000070c400000| PB 0x000000070c400000| Untracked 
|  66|0x000000070c600000, 0x000000070c600000, 0x000000070c800000|  0%| F|  |TAMS 0x000000070c600000| PB 0x000000070c600000| Untracked 
|  67|0x000000070c800000, 0x000000070c800000, 0x000000070ca00000|  0%| F|  |TAMS 0x000000070c800000| PB 0x000000070c800000| Untracked 
|  68|0x000000070ca00000, 0x000000070ca00000, 0x000000070cc00000|  0%| F|  |TAMS 0x000000070ca00000| PB 0x000000070ca00000| Untracked 
|  69|0x000000070cc00000, 0x000000070cc00000, 0x000000070ce00000|  0%| F|  |TAMS 0x000000070cc00000| PB 0x000000070cc00000| Untracked 
|  70|0x000000070ce00000, 0x000000070ce00000, 0x000000070d000000|  0%| F|  |TAMS 0x000000070ce00000| PB 0x000000070ce00000| Untracked 
|  71|0x000000070d000000, 0x000000070d000000, 0x000000070d200000|  0%| F|  |TAMS 0x000000070d000000| PB 0x000000070d000000| Untracked 
|  72|0x000000070d200000, 0x000000070d200000, 0x000000070d400000|  0%| F|  |TAMS 0x000000070d200000| PB 0x000000070d200000| Untracked 
|  73|0x000000070d400000, 0x000000070d400000, 0x000000070d600000|  0%| F|  |TAMS 0x000000070d400000| PB 0x000000070d400000| Untracked 
|  74|0x000000070d600000, 0x000000070d600000, 0x000000070d800000|  0%| F|  |TAMS 0x000000070d600000| PB 0x000000070d600000| Untracked 
|  75|0x000000070d800000, 0x000000070d800000, 0x000000070da00000|  0%| F|  |TAMS 0x000000070d800000| PB 0x000000070d800000| Untracked 
|  76|0x000000070da00000, 0x000000070da00000, 0x000000070dc00000|  0%| F|  |TAMS 0x000000070da00000| PB 0x000000070da00000| Untracked 
|  77|0x000000070dc00000, 0x000000070dc00000, 0x000000070de00000|  0%| F|  |TAMS 0x000000070dc00000| PB 0x000000070dc00000| Untracked 
|  78|0x000000070de00000, 0x000000070de00000, 0x000000070e000000|  0%| F|  |TAMS 0x000000070de00000| PB 0x000000070de00000| Untracked 
|  79|0x000000070e000000, 0x000000070e000000, 0x000000070e200000|  0%| F|  |TAMS 0x000000070e000000| PB 0x000000070e000000| Untracked 
|  80|0x000000070e200000, 0x000000070e200000, 0x000000070e400000|  0%| F|  |TAMS 0x000000070e200000| PB 0x000000070e200000| Untracked 
|  81|0x000000070e400000, 0x000000070e400000, 0x000000070e600000|  0%| F|  |TAMS 0x000000070e400000| PB 0x000000070e400000| Untracked 
|  82|0x000000070e600000, 0x000000070e600000, 0x000000070e800000|  0%| F|  |TAMS 0x000000070e600000| PB 0x000000070e600000| Untracked 
|  83|0x000000070e800000, 0x000000070e800000, 0x000000070ea00000|  0%| F|  |TAMS 0x000000070e800000| PB 0x000000070e800000| Untracked 
|  84|0x000000070ea00000, 0x000000070ea00000, 0x000000070ec00000|  0%| F|  |TAMS 0x000000070ea00000| PB 0x000000070ea00000| Untracked 
|  85|0x000000070ec00000, 0x000000070ec00000, 0x000000070ee00000|  0%| F|  |TAMS 0x000000070ec00000| PB 0x000000070ec00000| Untracked 
|  86|0x000000070ee00000, 0x000000070ee00000, 0x000000070f000000|  0%| F|  |TAMS 0x000000070ee00000| PB 0x000000070ee00000| Untracked 
|  87|0x000000070f000000, 0x000000070f000000, 0x000000070f200000|  0%| F|  |TAMS 0x000000070f000000| PB 0x000000070f000000| Untracked 
|  88|0x000000070f200000, 0x000000070f200000, 0x000000070f400000|  0%| F|  |TAMS 0x000000070f200000| PB 0x000000070f200000| Untracked 
|  89|0x000000070f400000, 0x000000070f400000, 0x000000070f600000|  0%| F|  |TAMS 0x000000070f400000| PB 0x000000070f400000| Untracked 
|  90|0x000000070f600000, 0x000000070f600000, 0x000000070f800000|  0%| F|  |TAMS 0x000000070f600000| PB 0x000000070f600000| Untracked 
|  91|0x000000070f800000, 0x000000070f800000, 0x000000070fa00000|  0%| F|  |TAMS 0x000000070f800000| PB 0x000000070f800000| Untracked 
|  92|0x000000070fa00000, 0x000000070fa00000, 0x000000070fc00000|  0%| F|  |TAMS 0x000000070fa00000| PB 0x000000070fa00000| Untracked 
|  93|0x000000070fc00000, 0x000000070fc00000, 0x000000070fe00000|  0%| F|  |TAMS 0x000000070fc00000| PB 0x000000070fc00000| Untracked 
|  94|0x000000070fe00000, 0x000000070fe00000, 0x0000000710000000|  0%| F|  |TAMS 0x000000070fe00000| PB 0x000000070fe00000| Untracked 
|  95|0x0000000710000000, 0x0000000710000000, 0x0000000710200000|  0%| F|  |TAMS 0x0000000710000000| PB 0x0000000710000000| Untracked 
|  96|0x0000000710200000, 0x0000000710200000, 0x0000000710400000|  0%| F|  |TAMS 0x0000000710200000| PB 0x0000000710200000| Untracked 
|  97|0x0000000710400000, 0x0000000710400000, 0x0000000710600000|  0%| F|  |TAMS 0x0000000710400000| PB 0x0000000710400000| Untracked 
|  98|0x0000000710600000, 0x0000000710600000, 0x0000000710800000|  0%| F|  |TAMS 0x0000000710600000| PB 0x0000000710600000| Untracked 
|  99|0x0000000710800000, 0x0000000710800000, 0x0000000710a00000|  0%| F|  |TAMS 0x0000000710800000| PB 0x0000000710800000| Untracked 
| 100|0x0000000710a00000, 0x0000000710a00000, 0x0000000710c00000|  0%| F|  |TAMS 0x0000000710a00000| PB 0x0000000710a00000| Untracked 
| 101|0x0000000710c00000, 0x0000000710c00000, 0x0000000710e00000|  0%| F|  |TAMS 0x0000000710c00000| PB 0x0000000710c00000| Untracked 
| 102|0x0000000710e00000, 0x0000000710e00000, 0x0000000711000000|  0%| F|  |TAMS 0x0000000710e00000| PB 0x0000000710e00000| Untracked 
| 103|0x0000000711000000, 0x0000000711000000, 0x0000000711200000|  0%| F|  |TAMS 0x0000000711000000| PB 0x0000000711000000| Untracked 
| 104|0x0000000711200000, 0x0000000711200000, 0x0000000711400000|  0%| F|  |TAMS 0x0000000711200000| PB 0x0000000711200000| Untracked 
| 105|0x0000000711400000, 0x0000000711400000, 0x0000000711600000|  0%| F|  |TAMS 0x0000000711400000| PB 0x0000000711400000| Untracked 
| 106|0x0000000711600000, 0x0000000711600000, 0x0000000711800000|  0%| F|  |TAMS 0x0000000711600000| PB 0x0000000711600000| Untracked 
| 107|0x0000000711800000, 0x0000000711800000, 0x0000000711a00000|  0%| F|  |TAMS 0x0000000711800000| PB 0x0000000711800000| Untracked 
| 108|0x0000000711a00000, 0x0000000711a00000, 0x0000000711c00000|  0%| F|  |TAMS 0x0000000711a00000| PB 0x0000000711a00000| Untracked 
| 109|0x0000000711c00000, 0x0000000711c00000, 0x0000000711e00000|  0%| F|  |TAMS 0x0000000711c00000| PB 0x0000000711c00000| Untracked 
| 110|0x0000000711e00000, 0x0000000711e00000, 0x0000000712000000|  0%| F|  |TAMS 0x0000000711e00000| PB 0x0000000711e00000| Untracked 
| 111|0x0000000712000000, 0x0000000712000000, 0x0000000712200000|  0%| F|  |TAMS 0x0000000712000000| PB 0x0000000712000000| Untracked 
| 112|0x0000000712200000, 0x0000000712200000, 0x0000000712400000|  0%| F|  |TAMS 0x0000000712200000| PB 0x0000000712200000| Untracked 
| 113|0x0000000712400000, 0x0000000712600000, 0x0000000712600000|100%| S|CS|TAMS 0x0000000712400000| PB 0x0000000712400000| Complete 
| 114|0x0000000712600000, 0x0000000712800000, 0x0000000712800000|100%| S|CS|TAMS 0x0000000712600000| PB 0x0000000712600000| Complete 
| 115|0x0000000712800000, 0x0000000712800000, 0x0000000712a00000|  0%| F|  |TAMS 0x0000000712800000| PB 0x0000000712800000| Untracked 
| 116|0x0000000712a00000, 0x0000000712a00000, 0x0000000712c00000|  0%| F|  |TAMS 0x0000000712a00000| PB 0x0000000712a00000| Untracked 
| 117|0x0000000712c00000, 0x0000000712c00000, 0x0000000712e00000|  0%| F|  |TAMS 0x0000000712c00000| PB 0x0000000712c00000| Untracked 
| 118|0x0000000712e00000, 0x0000000712e00000, 0x0000000713000000|  0%| F|  |TAMS 0x0000000712e00000| PB 0x0000000712e00000| Untracked 
| 119|0x0000000713000000, 0x0000000713000000, 0x0000000713200000|  0%| F|  |TAMS 0x0000000713000000| PB 0x0000000713000000| Untracked 
| 120|0x0000000713200000, 0x0000000713307c68, 0x0000000713400000| 51%| E|  |TAMS 0x0000000713200000| PB 0x0000000713200000| Complete 
| 121|0x0000000713400000, 0x0000000713600000, 0x0000000713600000|100%| E|CS|TAMS 0x0000000713400000| PB 0x0000000713400000| Complete 
| 122|0x0000000713600000, 0x0000000713800000, 0x0000000713800000|100%| E|CS|TAMS 0x0000000713600000| PB 0x0000000713600000| Complete 
| 123|0x0000000713800000, 0x0000000713a00000, 0x0000000713a00000|100%| E|CS|TAMS 0x0000000713800000| PB 0x0000000713800000| Complete 
| 124|0x0000000713a00000, 0x0000000713c00000, 0x0000000713c00000|100%| E|CS|TAMS 0x0000000713a00000| PB 0x0000000713a00000| Complete 
| 125|0x0000000713c00000, 0x0000000713e00000, 0x0000000713e00000|100%| E|CS|TAMS 0x0000000713c00000| PB 0x0000000713c00000| Complete 

Card table byte_map: [0x000001ccf9be0000,0x000001ccfa3c0000] _byte_map_base: 0x000001ccf63bf000

Marking Bits: (CMBitMap*) 0x000001ccf0cd9cf0
 Bits: [0x000001ccfa3c0000, 0x000001ccfe2b8000)

Polling page: 0x000001cceeff0000

Metaspace:

Usage:
  Non-class:      7.00 MB used.
      Class:   1023.80 KB used.
       Both:      8.00 MB used.

Virtual space:
  Non-class space:       64.00 MB reserved,       7.19 MB ( 11%) committed,  1 nodes.
      Class space:        1.00 GB reserved,       1.12 MB ( <1%) committed,  1 nodes.
             Both:        1.06 GB reserved,       8.31 MB ( <1%) committed. 

Chunk freelists:
   Non-Class:  7.86 MB
       Class:  14.81 MB
        Both:  22.67 MB

MaxMetaspaceSize: unlimited
CompressedClassSpaceSize: 1.00 GB
Initial GC threshold: 21.00 MB
Current GC threshold: 21.00 MB
CDS: on
 - commit_granule_bytes: 65536.
 - commit_granule_words: 8192.
 - virtual_space_node_default_size: 8388608.
 - enlarge_chunks_in_place: 1.
 - use_allocation_guard: 0.


Internal statistics:

num_allocs_failed_limit: 0.
num_arena_births: 350.
num_arena_deaths: 0.
num_vsnodes_births: 2.
num_vsnodes_deaths: 0.
num_space_committed: 133.
num_space_uncommitted: 0.
num_chunks_returned_to_freelist: 0.
num_chunks_taken_from_freelist: 648.
num_chunk_merges: 0.
num_chunk_splits: 394.
num_chunks_enlarged: 229.
num_inconsistent_stats: 0.

CodeHeap 'non-profiled nmethods': size=120000Kb used=537Kb max_used=537Kb free=119462Kb
 bounds [0x000001cc87ad0000, 0x000001cc87d40000, 0x000001cc8f000000]
CodeHeap 'profiled nmethods': size=120000Kb used=2925Kb max_used=2925Kb free=117075Kb
 bounds [0x000001cc80000000, 0x000001cc802e0000, 0x000001cc87530000]
CodeHeap 'non-nmethods': size=5760Kb used=1521Kb max_used=1536Kb free=4238Kb
 bounds [0x000001cc87530000, 0x000001cc877a0000, 0x000001cc87ad0000]
 total_blobs=2129 nmethods=1646 adapters=387
 compilation: enabled
              stopped_count=0, restarted_count=0
 full_count=0

Compilation events (20 events):
Event: 2.033 Thread 0x000001ccfed13e60 1574       3       java.util.stream.SpinedBuffer::capacity (38 bytes)
Event: 2.033 Thread 0x000001ccfed13e60 nmethod 1574 0x000001cc802b4f90 code [0x000001cc802b5140, 0x000001cc802b5348]
Event: 2.034 Thread 0x000001ccfed13e60 1575       3       java.util.WeakHashMap::matchesKey (33 bytes)
Event: 2.034 Thread 0x000001ccfed13e60 nmethod 1575 0x000001cc802b5490 code [0x000001cc802b5680, 0x000001cc802b5bb0]
Event: 2.035 Thread 0x000001ccfed13e60 1576       3       java.util.Collections$UnmodifiableMap::get (11 bytes)
Event: 2.036 Thread 0x000001ccfed13e60 nmethod 1576 0x000001cc802b5d10 code [0x000001cc802b5ec0, 0x000001cc802b60a0]
Event: 2.039 Thread 0x000001ccfed13e60 1577       3       jdk.internal.org.objectweb.asm.MethodWriter::computeAllFrames (510 bytes)
Event: 2.040 Thread 0x000001ccfed13e60 nmethod 1577 0x000001cc802b6190 code [0x000001cc802b64e0, 0x000001cc802b7a60]
Event: 2.040 Thread 0x000001ccfed13e60 1578       3       java.lang.invoke.LambdaForm$Name::internArguments (62 bytes)
Event: 2.041 Thread 0x000001ccfed13e60 nmethod 1578 0x000001cc802b8590 code [0x000001cc802b8780, 0x000001cc802b8e78]
Event: 2.041 Thread 0x000001ccfed13e60 1579       3       java.lang.invoke.BoundMethodHandle::editor (8 bytes)
Event: 2.041 Thread 0x000001ccfed13e60 nmethod 1579 0x000001cc802b9010 code [0x000001cc802b91e0, 0x000001cc802b9588]
Event: 2.046 Thread 0x000001ccfed13e60 1584       3       java.util.WeakHashMap::remove (131 bytes)
Event: 2.048 Thread 0x000001ccfed13e60 nmethod 1584 0x000001cc802b9710 code [0x000001cc802b9960, 0x000001cc802ba500]
Event: 2.053 Thread 0x000001ccfed13e60 1585       3       java.lang.invoke.MethodTypeForm::<init> (322 bytes)
Event: 2.054 Thread 0x000001ccfed13e60 nmethod 1585 0x000001cc802ba910 code [0x000001cc802bac00, 0x000001cc802bc3a0]
Event: 2.055 Thread 0x000001ccff085130 1587       4       java.lang.invoke.MethodType::hashCode (53 bytes)
Event: 2.056 Thread 0x000001ccfed13e60 1589       3       java.lang.invoke.TypeConvertingMethodAdapter::cast (42 bytes)
Event: 2.056 Thread 0x000001ccfed13e60 nmethod 1589 0x000001cc802bc990 code [0x000001cc802bcb80, 0x000001cc802bd000]
Event: 2.056 Thread 0x000001ccfed13e60 1590       3       java.util.concurrent.CopyOnWriteArrayList::iterator (13 bytes)

GC Heap History (2 events):
Event: 1.628 GC heap before
{Heap before GC invocations=0 (full 0):
 garbage-first heap   total 258048K, used 20480K [0x0000000704200000, 0x0000000800000000)
  region size 2048K, 11 young (22528K), 0 survivors (0K)
 Metaspace       used 5455K, committed 5696K, reserved 1114112K
  class space    used 621K, committed 704K, reserved 1048576K
}
Event: 1.633 GC heap after
{Heap after GC invocations=1 (full 0):
 garbage-first heap   total 258048K, used 7939K [0x0000000704200000, 0x0000000800000000)
  region size 2048K, 2 young (4096K), 2 survivors (4096K)
 Metaspace       used 5455K, committed 5696K, reserved 1114112K
  class space    used 621K, committed 704K, reserved 1048576K
}

Dll operation events (9 events):
Event: 0.024 Loaded shared library C:\Program Files\Java\jdk-21\bin\java.dll
Event: 0.085 Loaded shared library C:\Program Files\Java\jdk-21\bin\jsvml.dll
Event: 0.380 Loaded shared library C:\Program Files\Java\jdk-21\bin\zip.dll
Event: 0.387 Loaded shared library C:\Program Files\Java\jdk-21\bin\instrument.dll
Event: 0.401 Loaded shared library C:\Program Files\Java\jdk-21\bin\net.dll
Event: 0.407 Loaded shared library C:\Program Files\Java\jdk-21\bin\nio.dll
Event: 0.417 Loaded shared library C:\Program Files\Java\jdk-21\bin\zip.dll
Event: 0.788 Loaded shared library C:\Program Files\Java\jdk-21\bin\extnet.dll
Event: 0.877 Loaded shared library C:\Program Files\Java\jdk-21\bin\jimage.dll

Deoptimization events (20 events):
Event: 1.445 Thread 0x000001ccf0c719c0 DEOPT PACKING pc=0x000001cc87ae0608 sp=0x0000005b1edfd880
Event: 1.445 Thread 0x000001ccf0c719c0 DEOPT UNPACKING pc=0x000001cc87587da2 sp=0x0000005b1edfd840 mode 2
Event: 1.462 Thread 0x000001ccf0c719c0 Uncommon trap: trap_request=0xffffff45 fr.pc=0x000001cc87ae0b98 relative=0x0000000000000ab8
Event: 1.462 Thread 0x000001ccf0c719c0 Uncommon trap: reason=unstable_if action=reinterpret pc=0x000001cc87ae0b98 method=java.util.HashMap.putVal(ILjava/lang/Object;Ljava/lang/Object;ZZ)Ljava/lang/Object; @ 181 c2
Event: 1.462 Thread 0x000001ccf0c719c0 DEOPT PACKING pc=0x000001cc87ae0b98 sp=0x0000005b1edfe020
Event: 1.462 Thread 0x000001ccf0c719c0 DEOPT UNPACKING pc=0x000001cc87587da2 sp=0x0000005b1edfdfe0 mode 2
Event: 1.474 Thread 0x000001ccf0c719c0 Uncommon trap: trap_request=0xffffff45 fr.pc=0x000001cc87b20980 relative=0x0000000000000160
Event: 1.474 Thread 0x000001ccf0c719c0 Uncommon trap: reason=unstable_if action=reinterpret pc=0x000001cc87b20980 method=java.util.concurrent.locks.ReentrantLock$NonfairSync.initialTryLock()Z @ 10 c2
Event: 1.474 Thread 0x000001ccf0c719c0 DEOPT PACKING pc=0x000001cc87b20980 sp=0x0000005b1edfe5e0
Event: 1.474 Thread 0x000001ccf0c719c0 DEOPT UNPACKING pc=0x000001cc87587da2 sp=0x0000005b1edfe588 mode 2
Event: 1.563 Thread 0x000001ccf0c719c0 DEOPT PACKING pc=0x000001cc8009aac9 sp=0x0000005b1edfdfd0
Event: 1.563 Thread 0x000001ccf0c719c0 DEOPT UNPACKING pc=0x000001cc875888e2 sp=0x0000005b1edfd4d8 mode 0
Event: 1.633 Thread 0x000001ccfed017d0 Uncommon trap: trap_request=0xffffff45 fr.pc=0x000001cc87b08de0 relative=0x0000000000000040
Event: 1.633 Thread 0x000001ccfed017d0 Uncommon trap: reason=unstable_if action=reinterpret pc=0x000001cc87b08de0 method=java.util.concurrent.locks.AbstractQueuedSynchronizer.signalNext(Ljava/util/concurrent/locks/AbstractQueuedSynchronizer$Node;)V @ 1 c2
Event: 1.633 Thread 0x000001ccfed017d0 DEOPT PACKING pc=0x000001cc87b08de0 sp=0x0000005b1f5ff350
Event: 1.633 Thread 0x000001ccfed017d0 DEOPT UNPACKING pc=0x000001cc87587da2 sp=0x0000005b1f5ff2e0 mode 2
Event: 1.895 Thread 0x000001ccf0c719c0 Uncommon trap: trap_request=0xffffff45 fr.pc=0x000001cc87b2c9cc relative=0x000000000000028c
Event: 1.895 Thread 0x000001ccf0c719c0 Uncommon trap: reason=unstable_if action=reinterpret pc=0x000001cc87b2c9cc method=java.lang.String.startsWith(Ljava/lang/String;I)Z @ 1 c2
Event: 1.895 Thread 0x000001ccf0c719c0 DEOPT PACKING pc=0x000001cc87b2c9cc sp=0x0000005b1edfe210
Event: 1.895 Thread 0x000001ccf0c719c0 DEOPT UNPACKING pc=0x000001cc87587da2 sp=0x0000005b1edfe1a0 mode 2

Classes loaded (20 events):
Event: 2.011 Loading class java/util/AbstractMap$2
Event: 2.011 Loading class java/util/AbstractMap$2 done
Event: 2.011 Loading class java/util/AbstractMap$2$1
Event: 2.011 Loading class java/util/AbstractMap$2$1 done
Event: 2.012 Loading class java/io/Console$1
Event: 2.012 Loading class jdk/internal/access/JavaIOAccess
Event: 2.012 Loading class jdk/internal/access/JavaIOAccess done
Event: 2.012 Loading class java/io/Console$1 done
Event: 2.018 Loading class java/util/concurrent/ConcurrentLinkedDeque$Itr
Event: 2.018 Loading class java/util/concurrent/ConcurrentLinkedDeque$AbstractItr
Event: 2.018 Loading class java/util/concurrent/ConcurrentLinkedDeque$AbstractItr done
Event: 2.018 Loading class java/util/concurrent/ConcurrentLinkedDeque$Itr done
Event: 2.019 Loading class java/io/UnsupportedEncodingException
Event: 2.019 Loading class java/io/UnsupportedEncodingException done
Event: 2.019 Loading class java/nio/charset/CharacterCodingException
Event: 2.019 Loading class java/nio/charset/CharacterCodingException done
Event: 2.045 Loading class java/util/concurrent/ScheduledExecutorService
Event: 2.046 Loading class java/util/concurrent/ScheduledExecutorService done
Event: 2.047 Loading class java/util/concurrent/Executors$DefaultThreadFactory
Event: 2.047 Loading class java/util/concurrent/Executors$DefaultThreadFactory done

Classes unloaded (0 events):
No events

Classes redefined (0 events):
No events

Internal exceptions (20 events):
Event: 1.907 Thread 0x000001ccf0c719c0 Exception <a 'java/lang/NoSuchMethodError'{0x000000071364c300}: 'int java.lang.invoke.DirectMethodHandle$Holder.invokeVirtual(java.lang.Object, java.lang.Object, java.lang.Object)'> (0x000000071364c300) 
thrown [s\open\src\hotspot\share\interpreter\linkResolver.cpp, line 773]
Event: 1.908 Thread 0x000001ccf0c719c0 Exception <a 'java/lang/NoSuchMethodError'{0x000000071364f950}: 'int java.lang.invoke.DirectMethodHandle$Holder.invokeVirtual(java.lang.Object, java.lang.Object)'> (0x000000071364f950) 
thrown [s\open\src\hotspot\share\interpreter\linkResolver.cpp, line 773]
Event: 1.908 Thread 0x000001ccf0c719c0 Exception <a 'java/lang/NoSuchMethodError'{0x0000000713653880}: 'int java.lang.invoke.DirectMethodHandle$Holder.invokeStaticInit(java.lang.Object, int, int)'> (0x0000000713653880) 
thrown [s\open\src\hotspot\share\interpreter\linkResolver.cpp, line 773]
Event: 1.909 Thread 0x000001ccf0c719c0 Exception <a 'java/lang/NoSuchMethodError'{0x000000071365af60}: 'int java.lang.invoke.DirectMethodHandle$Holder.invokeStaticInit(java.lang.Object, long, long)'> (0x000000071365af60) 
thrown [s\open\src\hotspot\share\interpreter\linkResolver.cpp, line 773]
Event: 1.910 Thread 0x000001ccf0c719c0 Exception <a 'java/lang/NoSuchMethodError'{0x0000000713661878}: 'int java.lang.invoke.DirectMethodHandle$Holder.invokeStaticInit(java.lang.Object, float, float)'> (0x0000000713661878) 
thrown [s\open\src\hotspot\share\interpreter\linkResolver.cpp, line 773]
Event: 1.911 Thread 0x000001ccf0c719c0 Exception <a 'java/lang/NoSuchMethodError'{0x0000000713668188}: 'int java.lang.invoke.DirectMethodHandle$Holder.invokeStaticInit(java.lang.Object, double, double)'> (0x0000000713668188) 
thrown [s\open\src\hotspot\share\interpreter\linkResolver.cpp, line 773]
Event: 1.911 Thread 0x000001ccf0c719c0 Exception <a 'java/lang/NoSuchMethodError'{0x000000071366c4f0}: 'int java.lang.invoke.DirectMethodHandle$Holder.invokeStatic(java.lang.Object, long)'> (0x000000071366c4f0) 
thrown [s\open\src\hotspot\share\interpreter\linkResolver.cpp, line 773]
Event: 1.914 Thread 0x000001ccf0c719c0 Exception <a 'java/lang/NoSuchMethodError'{0x000000071368db00}: 'int java.lang.invoke.Invokers$Holder.linkToTargetMethod(java.lang.Object, java.lang.Object)'> (0x000000071368db00) 
thrown [s\open\src\hotspot\share\interpreter\linkResolver.cpp, line 773]
Event: 1.936 Thread 0x000001ccf0c719c0 Exception <a 'java/lang/NoSuchMethodError'{0x000000071370b600}: 'java.lang.Object java.lang.invoke.DirectMethodHandle$Holder.invokeSpecial(java.lang.Object, java.lang.Object, java.lang.Object, int, java.lang.Object)'> (0x000000071370b600) 
thrown [s\open\src\hotspot\share\interpreter\linkResolver.cpp, line 773]
Event: 1.936 Thread 0x000001ccf0c719c0 Exception <a 'java/lang/NoSuchMethodError'{0x0000000713712df8}: 'java.lang.Object java.lang.invoke.DirectMethodHandle$Holder.newInvokeSpecial(java.lang.Object, java.lang.Object, java.lang.Object, int, java.lang.Object)'> (0x0000000713712df8) 
thrown [s\open\src\hotspot\share\interpreter\linkResolver.cpp, line 773]
Event: 1.937 Thread 0x000001ccf0c719c0 Exception <a 'java/lang/NoSuchMethodError'{0x000000071371a2b0}: 'java.lang.Object java.lang.invoke.Invokers$Holder.linkToTargetMethod(java.lang.Object, java.lang.Object, int, java.lang.Object, java.lang.Object)'> (0x000000071371a2b0) 
thrown [s\open\src\hotspot\share\interpreter\linkResolver.cpp, line 773]
Event: 1.939 Thread 0x000001ccf0c719c0 Exception <a 'java/lang/NoSuchMethodError'{0x00000007137287b0}: 'java.lang.Object java.lang.invoke.DirectMethodHandle$Holder.newInvokeSpecial(java.lang.Object, int, java.lang.Object)'> (0x00000007137287b0) 
thrown [s\open\src\hotspot\share\interpreter\linkResolver.cpp, line 773]
Event: 1.939 Thread 0x000001ccf0c719c0 Exception <a 'java/lang/NoSuchMethodError'{0x000000071372cf50}: 'int java.lang.invoke.DirectMethodHandle$Holder.invokeSpecialIFC(java.lang.Object, java.lang.Object, java.lang.Object, java.lang.Object)'> (0x000000071372cf50) 
thrown [s\open\src\hotspot\share\interpreter\linkResolver.cpp, line 773]
Event: 1.972 Thread 0x000001ccf0c719c0 Exception <a 'java/lang/NoSuchMethodError'{0x00000007137d87b0}: 'void java.lang.invoke.DirectMethodHandle$Holder.invokeInterface(java.lang.Object, java.lang.Object, java.lang.Object)'> (0x00000007137d87b0) 
thrown [s\open\src\hotspot\share\interpreter\linkResolver.cpp, line 773]
Event: 2.000 Thread 0x000001ccf0c719c0 Exception <a 'java/lang/NoSuchMethodError'{0x000000071345b4c0}: 'void java.lang.invoke.DirectMethodHandle$Holder.invokeStaticInit(java.lang.Object, java.lang.Object, java.lang.Object)'> (0x000000071345b4c0) 
thrown [s\open\src\hotspot\share\interpreter\linkResolver.cpp, line 773]
Event: 2.006 Thread 0x000001ccf0c719c0 Exception <a 'java/lang/NoSuchMethodError'{0x00000007134922f0}: 'java.lang.Object java.lang.invoke.DirectMethodHandle$Holder.invokeStaticInit(java.lang.Object, int)'> (0x00000007134922f0) 
thrown [s\open\src\hotspot\share\interpreter\linkResolver.cpp, line 773]
Event: 2.008 Thread 0x000001ccf0c719c0 Exception <a 'java/lang/NoSuchMethodError'{0x000000071349c370}: 'java.lang.Object java.lang.invoke.DirectMethodHandle$Holder.invokeStatic(java.lang.Object, int, java.lang.Object)'> (0x000000071349c370) 
thrown [s\open\src\hotspot\share\interpreter\linkResolver.cpp, line 773]
Event: 2.008 Thread 0x000001ccf0c719c0 Exception <a 'java/lang/NoSuchMethodError'{0x000000071349f9c0}: 'java.lang.Object java.lang.invoke.DirectMethodHandle$Holder.invokeStaticInit(java.lang.Object, int, java.lang.Object)'> (0x000000071349f9c0) 
thrown [s\open\src\hotspot\share\interpreter\linkResolver.cpp, line 773]
Event: 2.016 Thread 0x000001ccf0c719c0 Exception <a 'java/lang/NoSuchMethodError'{0x00000007134bbbc8}: 'java.lang.Object java.lang.invoke.DirectMethodHandle$Holder.invokeVirtual(java.lang.Object, java.lang.Object, java.lang.Object)'> (0x00000007134bbbc8) 
thrown [s\open\src\hotspot\share\interpreter\linkResolver.cpp, line 773]
Event: 2.055 Thread 0x000001ccf0c719c0 Exception <a 'java/lang/NoSuchMethodError'{0x00000007135726b8}: 'void java.lang.invoke.DirectMethodHandle$Holder.invokeVirtual(java.lang.Object, java.lang.Object, java.lang.Object, java.lang.Object)'> (0x00000007135726b8) 
thrown [s\open\src\hotspot\share\interpreter\linkResolver.cpp, line 773]

ZGC Phase Switch (0 events):
No events

VM Operations (20 events):
Event: 0.774 Executing VM operation: HandshakeAllThreads (Deoptimize) done
Event: 0.819 Executing VM operation: HandshakeAllThreads (Deoptimize)
Event: 0.819 Executing VM operation: HandshakeAllThreads (Deoptimize) done
Event: 0.885 Executing VM operation: HandshakeAllThreads (Deoptimize)
Event: 0.885 Executing VM operation: HandshakeAllThreads (Deoptimize) done
Event: 1.336 Executing VM operation: HandshakeAllThreads (Deoptimize)
Event: 1.337 Executing VM operation: HandshakeAllThreads (Deoptimize) done
Event: 1.337 Executing VM operation: Cleanup
Event: 1.337 Executing VM operation: Cleanup done
Event: 1.337 Executing VM operation: HandshakeAllThreads (Deoptimize)
Event: 1.337 Executing VM operation: HandshakeAllThreads (Deoptimize) done
Event: 1.529 Executing VM operation: HandshakeAllThreads (Deoptimize)
Event: 1.529 Executing VM operation: HandshakeAllThreads (Deoptimize) done
Event: 1.549 Executing VM operation: HandshakeAllThreads (Deoptimize)
Event: 1.549 Executing VM operation: HandshakeAllThreads (Deoptimize) done
Event: 1.628 Executing VM operation: G1CollectForAllocation (G1 Evacuation Pause)
Event: 1.633 Executing VM operation: G1CollectForAllocation (G1 Evacuation Pause) done
Event: 1.902 Executing VM operation: HandshakeAllThreads (Deoptimize)
Event: 1.902 Executing VM operation: HandshakeAllThreads (Deoptimize) done
Event: 2.910 Executing VM operation: Cleanup

Events (13 events):
Event: 0.051 Thread 0x000001ccf0c719c0 Thread added: 0x000001ccf0c719c0
Event: 0.075 Thread 0x000001ccfed017d0 Thread added: 0x000001ccfed017d0
Event: 0.075 Thread 0x000001ccfed05250 Thread added: 0x000001ccfed05250
Event: 0.075 Thread 0x000001ccfed08ad0 Thread added: 0x000001ccfed08ad0
Event: 0.075 Thread 0x000001ccfed09620 Thread added: 0x000001ccfed09620
Event: 0.075 Thread 0x000001ccfed0b2a0 Thread added: 0x000001ccfed0b2a0
Event: 0.075 Thread 0x000001ccfed0ce00 Thread added: 0x000001ccfed0ce00
Event: 0.076 Thread 0x000001ccfed0f8c0 Thread added: 0x000001ccfed0f8c0
Event: 0.079 Thread 0x000001ccfed13e60 Thread added: 0x000001ccfed13e60
Event: 0.336 Thread 0x000001ccfecc41a0 Thread added: 0x000001ccfecc41a0
Event: 0.501 Thread 0x000001ccff085130 Thread added: 0x000001ccff085130
Event: 0.766 Thread 0x000001ccff0c5540 Thread added: 0x000001ccff0c5540
Event: 0.766 Thread 0x000001ccff0c5bb0 Thread added: 0x000001ccff0c5bb0


Dynamic libraries:
0x00007ff75f450000 - 0x00007ff75f460000 	C:\Program Files\Java\jdk-21\bin\java.exe
0x00007ffdebc80000 - 0x00007ffdebee7000 	C:\WINDOWS\SYSTEM32\ntdll.dll
0x00007ffdeae50000 - 0x00007ffdeaf19000 	C:\WINDOWS\System32\KERNEL32.DLL
0x00007ffde9560000 - 0x00007ffde994f000 	C:\WINDOWS\System32\KERNELBASE.dll
0x00007ffde90f0000 - 0x00007ffde923b000 	C:\WINDOWS\System32\ucrtbase.dll
0x00007ffdce7c0000 - 0x00007ffdce7db000 	C:\Program Files\Java\jdk-21\bin\VCRUNTIME140.dll
0x00007ffdd86c0000 - 0x00007ffdd86d9000 	C:\Program Files\Java\jdk-21\bin\jli.dll
0x00007ffde9dc0000 - 0x00007ffde9e74000 	C:\WINDOWS\System32\ADVAPI32.dll
0x00007ffde9b70000 - 0x00007ffde9c19000 	C:\WINDOWS\System32\msvcrt.dll
0x00007ffde9ac0000 - 0x00007ffde9b66000 	C:\WINDOWS\System32\sechost.dll
0x00007ffde9c50000 - 0x00007ffde9d68000 	C:\WINDOWS\System32\RPCRT4.dll
0x00007ffdeb6e0000 - 0x00007ffdeb8a5000 	C:\WINDOWS\System32\USER32.dll
0x00007ffde90c0000 - 0x00007ffde90e7000 	C:\WINDOWS\System32\win32u.dll
0x00007ffde9d70000 - 0x00007ffde9d9b000 	C:\WINDOWS\System32\GDI32.dll
0x00007ffde9240000 - 0x00007ffde936c000 	C:\WINDOWS\System32\gdi32full.dll
0x00007ffde94b0000 - 0x00007ffde9553000 	C:\WINDOWS\System32\msvcp_win.dll
0x00007ffdd8420000 - 0x00007ffdd842b000 	C:\WINDOWS\SYSTEM32\VERSION.dll
0x00007ffdcbe20000 - 0x00007ffdcc0b3000 	C:\WINDOWS\WinSxS\amd64_microsoft.windows.common-controls_6595b64144ccf1df_6.0.26100.7309_none_3e05feeae336a044\COMCTL32.dll
0x00007ffdea130000 - 0x00007ffdea161000 	C:\WINDOWS\System32\IMM32.DLL
0x00007ffdd87c0000 - 0x00007ffdd87cc000 	C:\Program Files\Java\jdk-21\bin\vcruntime140_1.dll
0x00007ffdadca0000 - 0x00007ffdadd2e000 	C:\Program Files\Java\jdk-21\bin\msvcp140.dll
0x00007ffd4d4e0000 - 0x00007ffd4e1f5000 	C:\Program Files\Java\jdk-21\bin\server\jvm.dll
0x00007ffdea880000 - 0x00007ffdea8f4000 	C:\WINDOWS\System32\WS2_32.dll
0x00007ffde8c30000 - 0x00007ffde8c8e000 	C:\WINDOWS\SYSTEM32\POWRPROF.dll
0x00007ffde0e50000 - 0x00007ffde0e85000 	C:\WINDOWS\SYSTEM32\WINMM.dll
0x00007ffde8c10000 - 0x00007ffde8c24000 	C:\WINDOWS\SYSTEM32\UMPDC.dll
0x00007ffde7b40000 - 0x00007ffde7b5b000 	C:\WINDOWS\SYSTEM32\kernel.appcore.dll
0x00007ffdd8740000 - 0x00007ffdd874a000 	C:\Program Files\Java\jdk-21\bin\jimage.dll
0x00007ffde6410000 - 0x00007ffde6652000 	C:\WINDOWS\SYSTEM32\DBGHELP.DLL
0x00007ffdea170000 - 0x00007ffdea4f5000 	C:\WINDOWS\System32\combase.dll
0x00007ffdea7a0000 - 0x00007ffdea876000 	C:\WINDOWS\System32\OLEAUT32.dll
0x00007ffdca460000 - 0x00007ffdca49c000 	C:\WINDOWS\SYSTEM32\dbgcore.DLL
0x00007ffde9400000 - 0x00007ffde94a5000 	C:\WINDOWS\System32\bcryptPrimitives.dll
0x00007ffdd02f0000 - 0x00007ffdd02ff000 	C:\Program Files\Java\jdk-21\bin\instrument.dll
0x00007ffdce7a0000 - 0x00007ffdce7bf000 	C:\Program Files\Java\jdk-21\bin\java.dll
0x00007ffdeaf80000 - 0x00007ffdeb6d3000 	C:\WINDOWS\System32\SHELL32.dll
0x00007ffde8f50000 - 0x00007ffde90ba000 	C:\WINDOWS\System32\wintypes.dll
0x00007ffde6990000 - 0x00007ffde71ee000 	C:\WINDOWS\SYSTEM32\windows.storage.dll
0x00007ffdebb40000 - 0x00007ffdebc35000 	C:\WINDOWS\System32\SHCORE.dll
0x00007ffde9a20000 - 0x00007ffde9a86000 	C:\WINDOWS\System32\shlwapi.dll
0x00007ffde8cf0000 - 0x00007ffde8d19000 	C:\WINDOWS\SYSTEM32\profapi.dll
0x00007ffd9a6a0000 - 0x00007ffd9a777000 	C:\Program Files\Java\jdk-21\bin\jsvml.dll
0x00007ffdcdbf0000 - 0x00007ffdcdc08000 	C:\Program Files\Java\jdk-21\bin\zip.dll
0x00007ffdce6b0000 - 0x00007ffdce6c0000 	C:\Program Files\Java\jdk-21\bin\net.dll
0x00007ffde0830000 - 0x00007ffde0958000 	C:\WINDOWS\SYSTEM32\WINHTTP.dll
0x00007ffde8090000 - 0x00007ffde80fb000 	C:\WINDOWS\system32\mswsock.dll
0x00007ffdcdbd0000 - 0x00007ffdcdbe6000 	C:\Program Files\Java\jdk-21\bin\nio.dll
0x00007ffdce5e0000 - 0x00007ffdce5e7000 	C:\Program Files\Java\jdk-21\bin\extnet.dll

dbghelp: loaded successfully - version: 4.0.5 - missing functions: none
symbol engine: initialized successfully - sym options: 0x614 - pdb path: .;C:\Program Files\Java\jdk-21\bin;C:\WINDOWS\SYSTEM32;C:\WINDOWS\WinSxS\amd64_microsoft.windows.common-controls_6595b64144ccf1df_6.0.26100.7309_none_3e05feeae336a044;C:\Program Files\Java\jdk-21\bin\server

VM Arguments:
jvm_args: -javaagent:C:\Program Files\JetBrains\IntelliJ IDEA Community Edition 2025.2.5\lib\idea_rt.jar=49237 -Dfile.encoding=UTF-8 -Dsun.stdout.encoding=UTF-8 -Dsun.stderr.encoding=UTF-8 
java_command: com.company.company_portal.CompanyPortalApplication
java_class_path (initial): E:\Projects\company-portal\company-portal\target\classes;C:\Users\SabariAshok\.m2\repository\org\springframework\boot\spring-boot-starter-data-jpa\3.5.8\spring-boot-starter-data-jpa-3.5.8.jar;C:\Users\SabariAshok\.m2\repository\org\springframework\boot\spring-boot-starter\3.5.8\spring-boot-starter-3.5.8.jar;C:\Users\SabariAshok\.m2\repository\org\springframework\boot\spring-boot\3.5.8\spring-boot-3.5.8.jar;C:\Users\SabariAshok\.m2\repository\org\springframework\boot\spring-boot-autoconfigure\3.5.8\spring-boot-autoconfigure-3.5.8.jar;C:\Users\SabariAshok\.m2\repository\org\springframework\boot\spring-boot-starter-logging\3.5.8\spring-boot-starter-logging-3.5.8.jar;C:\Users\SabariAshok\.m2\repository\ch\qos\logback\logback-classic\1.5.21\logback-classic-1.5.21.jar;C:\Users\SabariAshok\.m2\repository\ch\qos\logback\logback-core\1.5.21\logback-core-1.5.21.jar;C:\Users\SabariAshok\.m2\repository\org\apache\logging\log4j\log4j-to-slf4j\2.24.3\log4j-to-slf4j-2.24.3.jar;C:\Users\SabariAshok\.m2\repository\org\apache\logging\log4j\log4j-api\2.24.3\log4j-api-2.24.3.jar;C:\Users\SabariAshok\.m2\repository\org\slf4j\jul-to-slf4j\2.0.17\jul-to-slf4j-2.0.17.jar;C:\Users\SabariAshok\.m2\repository\jakarta\annotation\jakarta.annotation-api\2.1.1\jakarta.annotation-api-2.1.1.jar;C:\Users\SabariAshok\.m2\repository\org\yaml\snakeyaml\2.4\snakeyaml-2.4.jar;C:\Users\SabariAshok\.m2\repository\org\springframework\boot\spring-boot-starter-jdbc\3.5.8\spring-boot-starter-jdbc-3.5.8.jar;C:\Users\SabariAshok\.m2\repository\com\zaxxer\HikariCP\6.3.3\HikariCP-6.3.3.jar;C:\Users\SabariAshok\.m2\repository\org\springframework\spring-jdbc\6.2.14\spring-jdbc-6.2.14.jar;C:\Users\SabariAshok\.m2\repository\org\hibernate\orm\hibernate-core\6.6.36.Final\hibernate-core-6.6.36.Final.jar;C:\Users\SabariAshok\.m2\repository\jakarta\persistence\jakarta.persistence-api\3.1.0\jakarta.persistence-api-3.1.0.jar;C:\Users\SabariAshok\.m2\repository\jakarta\transaction\jakarta.transaction-api\2.0.1\jakarta.transaction-api-2.0.1.jar;C:\Users\SabariAshok\.m2\repository\org\jboss\logging\jboss-logging\3.6.1.Final\jboss-logging-3.6.1.Final.jar;C:\Users\SabariAshok\.m2\repository\org\hibernate\common\hibernate-commons-annotations\7.0.3.Final\hibernate-commons-annotations-7.0.3.Final.jar;C:\Users\SabariAshok\.m2\repository\io\smallrye\jandex\3.2.0\jandex-3.2.0.jar;C:\Users\SabariAshok\.m2\repository\com\fasterxml\classmate\1.7.1\classmate-1.7.1.jar;C:\Users\SabariAshok\.m2\repository\net\bytebuddy\byte-buddy\1.17.8\byte-buddy-1.17.8.jar;C:\Users\SabariAshok\.m2\repository\org\glassfish\jaxb\jaxb-runtime\4.0.6\jaxb-runtime-4.0.6.jar;C:\Users\SabariAshok\.m2\repository\org\glassfish\jaxb\jaxb-core\4.0.6\jaxb-core-4.0.6.jar;C:\Users\SabariAshok\.m2\repository\org\eclipse\angus\angus-activation\2.0.3\angus-activation-2.0.3.jar;C:\Users\SabariAshok\.m2\repository\org\glassfish\jaxb\txw2\4.0.6\txw2-4.0.6.jar;C:\Users\SabariAshok\.m2\repository\com\sun\istack\istack-commons-runtime\4.1.2\istack-commons-runtime-4.1.2.jar;C:\Users\SabariAshok\.m2\repository\jakarta\inject\jakarta.inject-api\2.0.1\jakarta.inject-api-2.0.1.jar;C:\Users\SabariAshok\.m2\repository\org\antlr\antlr4-runtime\4.13.0\antlr4-runtime-4.13.0.jar;C:\Users\SabariAshok\.m2\repository\org\springframework\data\spring-data-jpa\3.5.6\spring-data-jpa-3.5.6.jar;C:\Users\SabariAshok\.m2\repository\org\springframework\data\spring-data-commons\3.5.6\spring-data-commons-3.5.6.jar;C:\Users\SabariAshok\.m2\repository\org\springframework\spring-orm\6.2.14\spring-orm-6.2.14.jar;C:\Users\SabariAshok\.m2\repository\org\springframework\spring-context\6.2.14\spring-context-6.2.14.jar;C:\Users\SabariAshok\.m2\repository\org\springframework\spring-tx\6.2.14\spring-tx-6.2.14.jar;C:\Users\SabariAshok\.m2\repository\org\springframework\spring-beans\6.2.14\spring-beans-6.2.14.jar;C:\Users\SabariAshok\.m2\repository\org\slf4j\slf4j-api\2.0.17\slf4j-api-2.0.17.jar;C:\Users\SabariAshok\.m2\repository\org\springframework\spring-aspects\6.2.14\spring-aspects-6.2.14.jar;C:\Users\SabariAshok\.m2\repository\org\aspectj\aspectjweaver\1.9.25\aspectjweaver-1.9.25.jar;C:\Users\SabariAshok\.m2\repository\org\springframework\boot\spring-boot-starter-security\3.5.8\spring-boot-starter-security-3.5.8.jar;C:\Users\SabariAshok\.m2\repository\org\springframework\spring-aop\6.2.14\spring-aop-6.2.14.jar;C:\Users\SabariAshok\.m2\repository\org\springframework\security\spring-security-config\6.5.7\spring-security-config-6.5.7.jar;C:\Users\SabariAshok\.m2\repository\org\springframework\security\spring-security-web\6.5.7\spring-security-web-6.5.7.jar;C:\Users\SabariAshok\.m2\repository\org\springframework\spring-expression\6.2.14\spring-expression-6.2.14.jar;C:\Users\SabariAshok\.m2\repository\org\springframework\boot\spring-boot-starter-validation\3.5.8\spring-boot-starter-validation-3.5.8.jar;C:\Users\SabariAshok\.m2\repository\org\apache\tomcat\embed\tomcat-embed-el\10.1.49\tomcat-embed-el-10.1.49.jar;C:\Users\SabariAshok\.m2\repository\org\hibernate\validator\hibernate-validator\8.0.3.Final\hibernate-validator-8.0.3.Final.jar;C:\Users\SabariAshok\.m2\repository\jakarta\validation\jakarta.validation-api\3.0.2\jakarta.validation-api-3.0.2.jar;C:\Users\SabariAshok\.m2\repository\org\springframework\boot\spring-boot-starter-web\3.5.8\spring-boot-starter-web-3.5.8.jar;C:\Users\SabariAshok\.m2\repository\org\springframework\boot\spring-boot-starter-json\3.5.8\spring-boot-starter-json-3.5.8.jar;C:\Users\SabariAshok\.m2\repository\com\fasterxml\jackson\datatype\jackson-datatype-jdk8\2.19.4\jackson-datatype-jdk8-2.19.4.jar;C:\Users\SabariAshok\.m2\repository\com\fasterxml\jackson\datatype\jackson-datatype-jsr310\2.19.4\jackson-datatype-jsr310-2.19.4.jar;C:\Users\SabariAshok\.m2\repository\com\fasterxml\jackson\module\jackson-module-parameter-names\2.19.4\jackson-module-parameter-names-2.19.4.jar;C:\Users\SabariAshok\.m2\repository\org\springframework\boot\spring-boot-starter-tomcat\3.5.8\spring-boot-starter-tomcat-3.5.8.jar;C:\Users\SabariAshok\.m2\repository\org\apache\tomcat\embed\tomcat-embed-core\10.1.49\tomcat-embed-core-10.1.49.jar;C:\Users\SabariAshok\.m2\repository\org\apache\tomcat\embed\tomcat-embed-websocket\10.1.49\tomcat-embed-websocket-10.1.49.jar;C:\Users\SabariAshok\.m2\repository\org\springframework\spring-web\6.2.14\spring-web-6.2.14.jar;C:\Users\SabariAshok\.m2\repository\io\micrometer\micrometer-observation\1.15.6\micrometer-observation-1.15.6.jar;C:\Users\SabariAshok\.m2\repository\io\micrometer\micrometer-commons\1.15.6\micrometer-commons-1.15.6.jar;C:\Users\SabariAshok\.m2\repository\org\springframework\spring-webmvc\6.2.14\spring-webmvc-6.2.14.jar;C:\Users\SabariAshok\.m2\repository\io\jsonwebtoken\jjwt-api\0.11.5\jjwt-api-0.11.5.jar;C:\Users\SabariAshok\.m2\repository\io\jsonwebtoken\jjwt-impl\0.11.5\jjwt-impl-0.11.5.jar;C:\Users\SabariAshok\.m2\repository\io\jsonwebtoken\jjwt-jackson\0.11.5\jjwt-jackson-0.11.5.jar;C:\Users\SabariAshok\.m2\repository\com\fasterxml\jackson\core\jackson-databind\2.19.4\jackson-databind-2.19.4.jar;C:\Users\SabariAshok\.m2\repository\com\fasterxml\jackson\core\jackson-annotations\2.19.4\jackson-annotations-2.19.4.jar;C:\Users\SabariAshok\.m2\repository\com\fasterxml\jackson\core\jackson-core\2.19.4\jackson-core-2.19.4.jar;C:\Users\SabariAshok\.m2\repository\com\mysql\mysql-connector-j\9.5.0\mysql-connector-j-9.5.0.jar;C:\Users\SabariAshok\.m2\repository\org\projectlombok\lombok\1.18.42\lombok-1.18.42.jar;C:\Users\SabariAshok\.m2\repository\jakarta\xml\bind\jakarta.xml.bind-api\4.0.4\jakarta.xml.bind-api-4.0.4.jar;C:\Users\SabariAshok\.m2\repository\jakarta\activation\jakarta.activation-api\2.1.4\jakarta.activation-api-2.1.4.jar;C:\Users\SabariAshok\.m2\repository\org\springframework\spring-core\6.2.14\spring-core-6.2.14.jar;C:\Users\SabariAshok\.m2\repository\org\springframework\spring-jcl\6.2.14\spring-jcl-6.2.14.jar;C:\Users\SabariAshok\.m2\repository\org\springframework\security\spring-security-core\6.5.7\spring-security-core-6.5.7.jar;C:\Users\SabariAshok\.m2\repository\org\springframework\security\spring-security-crypto\6.5.7\spring-security-crypto-6.5.7.jar;C:\Users\SabariAshok\.m2\repository\org\jetbrains\annotations\26.0.2-1\annotations-26.0.2-1.jar
Launcher Type: SUN_STANDARD

[Global flags]
     intx CICompilerCount                          = 4                                         {product} {ergonomic}
     uint ConcGCThreads                            = 2                                         {product} {ergonomic}
     uint G1ConcRefinementThreads                  = 8                                         {product} {ergonomic}
   size_t G1HeapRegionSize                         = 2097152                                   {product} {ergonomic}
    uintx GCDrainStackTargetSize                   = 64                                        {product} {ergonomic}
   size_t InitialHeapSize                          = 264241152                                 {product} {ergonomic}
   size_t MarkStackSize                            = 4194304                                   {product} {ergonomic}
   size_t MaxHeapSize                              = 4225761280                                {product} {ergonomic}
   size_t MaxNewSize                               = 2535456768                                {product} {ergonomic}
   size_t MinHeapDeltaBytes                        = 2097152                                   {product} {ergonomic}
   size_t MinHeapSize                              = 8388608                                   {product} {ergonomic}
    uintx NonNMethodCodeHeapSize                   = 5839372                                {pd product} {ergonomic}
    uintx NonProfiledCodeHeapSize                  = 122909434                              {pd product} {ergonomic}
    uintx ProfiledCodeHeapSize                     = 122909434                              {pd product} {ergonomic}
    uintx ReservedCodeCacheSize                    = 251658240                              {pd product} {ergonomic}
     bool SegmentedCodeCache                       = true                                      {product} {ergonomic}
   size_t SoftMaxHeapSize                          = 4225761280                             {manageable} {ergonomic}
     bool UseCompressedOops                        = true                           {product lp64_product} {ergonomic}
     bool UseG1GC                                  = true                                      {product} {ergonomic}
     bool UseLargePagesIndividualAllocation        = false                                  {pd product} {ergonomic}

Logging:
Log output configuration:
 #0: stdout all=warning uptime,level,tags foldmultilines=false
 #1: stderr all=off uptime,level,tags foldmultilines=false

Environment Variables:
PATH=C:\Program Files (x86)\Common Files\Intel\Shared Libraries\redist\intel64\compiler;C:\Program Files\Common Files\Oracle\Java\javapath;C:\Program Files (x86)\Common Files\Oracle\Java\java8path;C:\Program Files (x86)\Common Files\Oracle\Java\javapath;C:\WINDOWS\system32;C:\WINDOWS;C:\WINDOWS\System32\Wbem;C:\WINDOWS\System32\WindowsPowerShell\v1.0\;C:\WINDOWS\System32\OpenSSH\;C:\Program Files\dotnet\;C:\Program Files\Git\cmd;%NVM_HOME%;%NVM_SYMLINK%;C:\Users\SabariAshok\AppData\Local\Programs\Python\Launcher\;C:\Users\SabariAshok\AppData\Local\Microsoft\WindowsApps;C:\Users\SabariAshok\AppData\Local\Programs\Microsoft VS Code\bin;C:\Users\SabariAshok\AppData\Roaming\npm;D:\soft\ffmpeg-release-full\ffmpeg-8.0-full_build\bin;C:\Users\SabariAshok\AppData\Local\nvm;C:\nvm4w\nodejs
USERNAME=SabariAshok
OS=Windows_NT
PROCESSOR_IDENTIFIER=Intel64 Family 6 Model 140 Stepping 1, GenuineIntel
TMP=C:\Users\SABARI~1\AppData\Local\Temp
TEMP=C:\Users\SABARI~1\AppData\Local\Temp




Periodic native trim disabled

---------------  S Y S T E M  ---------------

OS:
 Windows 11 , 64 bit Build 26100 (10.0.26100.7309)
OS uptime: 1 days 0:49 hours
Hyper-V role detected

CPU: total 8 (initial active 8) (4 cores per cpu, 2 threads per core) family 6 model 140 stepping 1 microcode 0xbc, cx8, cmov, fxsr, ht, mmx, 3dnowpref, sse, sse2, sse3, ssse3, sse4.1, sse4.2, popcnt, lzcnt, tsc, tscinvbit, avx, avx2, aes, erms, clmul, bmi1, bmi2, adx, avx512f, avx512dq, avx512cd, avx512bw, avx512vl, sha, fma, vzeroupper, avx512_vpopcntdq, avx512_vpclmulqdq, avx512_vaes, avx512_vnni, clflush, clflushopt, clwb, avx512_vbmi2, avx512_vbmi, hv, rdtscp, rdpid, fsrm, gfni, avx512_bitalg, f16c, cet_ibt, cet_ss, avx512_ifma
Processor Information for all 8 processors :
  Max Mhz: 2419, Current Mhz: 2419, Mhz Limit: 2419

Memory: 4k page, system-wide physical 16118M (821M free)
TotalPageFile size 26358M (AvailPageFile size 6M)
current process WorkingSet (physical memory assigned to process): 92M, peak: 92M
current process commit charge ("private bytes"): 359M, peak: 359M

vm_info: Java HotSpot(TM) 64-Bit Server VM (21.0.1+12-LTS-29) for windows-amd64 JRE (21.0.1+12-LTS-29), built on 2023-10-05T13:27:09Z by "mach5one" with MS VC++ 17.1 (VS2022)

END.
